<?xml version="1.0" encoding="UTF-8"?>
<coverage generated="1750429322898" clover="3.2.0">
  <project timestamp="1750429322898" name="All files">
    <metrics statements="48" coveredstatements="26" conditionals="22" coveredconditionals="16" methods="10" coveredmethods="7" elements="80" coveredelements="49" complexity="0" loc="48" ncloc="48" packages="1" files="1" classes="1"/>
    <file name="ship.ts" path="/Users/mpabarca/Documents/REPOSITORIES/battleship/src/utils/ship.ts">
      <metrics statements="48" coveredstatements="26" conditionals="22" coveredconditionals="16" methods="10" coveredmethods="7"/>
      <line num="8" count="1" type="stmt"/>
      <line num="24" count="1" type="stmt"/>
      <line num="25" count="313" type="stmt"/>
      <line num="28" count="1" type="stmt"/>
      <line num="29" count="4" type="stmt"/>
      <line num="30" count="12" type="stmt"/>
      <line num="31" count="12" type="stmt"/>
      <line num="32" count="12" type="stmt"/>
      <line num="33" count="12" type="stmt"/>
      <line num="35" count="4" type="stmt"/>
      <line num="38" count="1" type="stmt"/>
      <line num="39" count="29" type="cond" truecount="2" falsecount="0"/>
      <line num="42" count="1" type="stmt"/>
      <line num="43" count="5" type="stmt"/>
      <line num="44" count="25" type="stmt"/>
      <line num="49" count="1" type="stmt"/>
      <line num="54" count="8" type="cond" truecount="2" falsecount="0"/>
      <line num="55" count="2" type="cond" truecount="2" falsecount="0"/>
      <line num="56" count="6" type="cond" truecount="2" falsecount="0"/>
      <line num="57" count="2" type="cond" truecount="2" falsecount="0"/>
      <line num="58" count="4" type="cond" truecount="2" falsecount="0"/>
      <line num="59" count="2" type="cond" truecount="2" falsecount="0"/>
      <line num="61" count="2" type="cond" truecount="2" falsecount="0"/>
      <line num="65" count="1" type="stmt"/>
      <line num="66" count="0" type="stmt"/>
      <line num="67" count="0" type="stmt"/>
      <line num="68" count="0" type="stmt"/>
      <line num="70" count="0" type="stmt"/>
      <line num="73" count="1" type="stmt"/>
      <line num="74" count="0" type="stmt"/>
      <line num="80" count="0" type="stmt"/>
      <line num="81" count="0" type="stmt"/>
      <line num="82" count="0" type="cond" truecount="0" falsecount="4"/>
      <line num="88" count="0" type="stmt"/>
      <line num="91" count="0" type="stmt"/>
      <line num="114" count="1" type="stmt"/>
      <line num="115" count="0" type="stmt"/>
      <line num="116" count="0" type="stmt"/>
      <line num="117" count="0" type="stmt"/>
      <line num="120" count="0" type="stmt"/>
      <line num="121" count="0" type="stmt"/>
      <line num="122" count="0" type="stmt"/>
      <line num="123" count="0" type="stmt"/>
      <line num="124" count="0" type="cond" truecount="0" falsecount="2"/>
      <line num="125" count="0" type="stmt"/>
      <line num="126" count="0" type="stmt"/>
      <line num="127" count="0" type="stmt"/>
      <line num="133" count="0" type="stmt"/>
    </file>
  </project>
</coverage>
