{"/Users/mpabarca/Documents/REPOSITORIES/battleship/src/utils/ship.ts": {"path":"/Users/mpabarca/Documents/REPOSITORIES/battleship/src/utils/ship.ts","statementMap":{"0":{"start":{"line":24,"column":0},"end":{"line":24,"column":16}},"1":{"start":{"line":28,"column":0},"end":{"line":28,"column":16}},"2":{"start":{"line":38,"column":0},"end":{"line":38,"column":16}},"3":{"start":{"line":42,"column":0},"end":{"line":42,"column":16}},"4":{"start":{"line":49,"column":0},"end":{"line":49,"column":16}},"5":{"start":{"line":65,"column":0},"end":{"line":65,"column":16}},"6":{"start":{"line":73,"column":0},"end":{"line":73,"column":16}},"7":{"start":{"line":114,"column":0},"end":{"line":114,"column":16}},"8":{"start":{"line":8,"column":36},"end":{"line":8,"column":67}},"9":{"start":{"line":25,"column":2},"end":{"line":25,"column":59}},"10":{"start":{"line":29,"column":2},"end":{"line":34,"column":3}},"11":{"start":{"line":29,"column":14},"end":{"line":29,"column":15}},"12":{"start":{"line":30,"column":24},"end":{"line":30,"column":57}},"13":{"start":{"line":31,"column":22},"end":{"line":31,"column":32}},"14":{"start":{"line":32,"column":4},"end":{"line":32,"column":null}},"15":{"start":{"line":33,"column":4},"end":{"line":33,"column":null}},"16":{"start":{"line":35,"column":2},"end":{"line":35,"column":null}},"17":{"start":{"line":39,"column":2},"end":{"line":39,"column":null}},"18":{"start":{"line":43,"column":2},"end":{"line":46,"column":null}},"19":{"start":{"line":44,"column":4},"end":{"line":44,"column":null}},"20":{"start":{"line":44,"column":40},"end":{"line":44,"column":80}},"21":{"start":{"line":54,"column":2},"end":{"line":62,"column":3}},"22":{"start":{"line":55,"column":4},"end":{"line":55,"column":82}},"23":{"start":{"line":56,"column":9},"end":{"line":62,"column":3}},"24":{"start":{"line":57,"column":4},"end":{"line":57,"column":84}},"25":{"start":{"line":58,"column":9},"end":{"line":62,"column":3}},"26":{"start":{"line":59,"column":4},"end":{"line":59,"column":84}},"27":{"start":{"line":61,"column":4},"end":{"line":61,"column":82}},"28":{"start":{"line":66,"column":35},"end":{"line":66,"column":77}},"29":{"start":{"line":67,"column":2},"end":{"line":69,"column":3}},"30":{"start":{"line":68,"column":6},"end":{"line":68,"column":61}},"31":{"start":{"line":70,"column":2},"end":{"line":70,"column":null}},"32":{"start":{"line":74,"column":28},"end":{"line":78,"column":4}},"33":{"start":{"line":80,"column":2},"end":{"line":90,"column":3}},"34":{"start":{"line":80,"column":15},"end":{"line":80,"column":16}},"35":{"start":{"line":81,"column":45},"end":{"line":81,"column":96}},"36":{"start":{"line":82,"column":4},"end":{"line":89,"column":5}},"37":{"start":{"line":82,"column":67},"end":{"line":86,"column":null}},"38":{"start":{"line":88,"column":6},"end":{"line":88,"column":null}},"39":{"start":{"line":91,"column":2},"end":{"line":91,"column":null}},"40":{"start":{"line":115,"column":30},"end":{"line":115,"column":32}},"41":{"start":{"line":116,"column":33},"end":{"line":116,"column":37}},"42":{"start":{"line":117,"column":45},"end":{"line":117,"column":69}},"43":{"start":{"line":120,"column":2},"end":{"line":130,"column":3}},"44":{"start":{"line":121,"column":22},"end":{"line":121,"column":53}},"45":{"start":{"line":122,"column":4},"end":{"line":129,"column":5}},"46":{"start":{"line":122,"column":16},"end":{"line":122,"column":17}},"47":{"start":{"line":123,"column":20},"end":{"line":123,"column":98}},"48":{"start":{"line":124,"column":6},"end":{"line":128,"column":7}},"49":{"start":{"line":125,"column":8},"end":{"line":125,"column":null}},"50":{"start":{"line":126,"column":8},"end":{"line":126,"column":null}},"51":{"start":{"line":127,"column":8},"end":{"line":127,"column":13}},"52":{"start":{"line":133,"column":2},"end":{"line":140,"column":4}}},"fnMap":{"0":{"name":"getRandomInt","decl":{"start":{"line":24,"column":16},"end":{"line":24,"column":28}},"loc":{"start":{"line":24,"column":53},"end":{"line":26,"column":1}}},"1":{"name":"shuffleArray","decl":{"start":{"line":28,"column":16},"end":{"line":28,"column":28}},"loc":{"start":{"line":28,"column":56},"end":{"line":36,"column":1}}},"2":{"name":"sameCells","decl":{"start":{"line":38,"column":16},"end":{"line":38,"column":25}},"loc":{"start":{"line":38,"column":72},"end":{"line":40,"column":1}}},"3":{"name":"existShipCellOverlap","decl":{"start":{"line":42,"column":16},"end":{"line":42,"column":36}},"loc":{"start":{"line":42,"column":91},"end":{"line":47,"column":1}}},"4":{"name":"(anonymous_4)","decl":{"start":{"line":43,"column":27},"end":{"line":43,"column":28}},"loc":{"start":{"line":44,"column":4},"end":{"line":44,"column":null}}},"5":{"name":"(anonymous_5)","decl":{"start":{"line":44,"column":20},"end":{"line":44,"column":21}},"loc":{"start":{"line":44,"column":40},"end":{"line":44,"column":80}}},"6":{"name":"getNextShipCellCoordinates","decl":{"start":{"line":49,"column":16},"end":{"line":49,"column":42}},"loc":{"start":{"line":52,"column":26},"end":{"line":63,"column":1}}},"7":{"name":"generateFirstCell","decl":{"start":{"line":65,"column":16},"end":{"line":65,"column":33}},"loc":{"start":{"line":65,"column":58},"end":{"line":71,"column":1}}},"8":{"name":"generateShipCells","decl":{"start":{"line":73,"column":16},"end":{"line":73,"column":33}},"loc":{"start":{"line":73,"column":148},"end":{"line":92,"column":1}}},"9":{"name":"generateShip","decl":{"start":{"line":114,"column":16},"end":{"line":114,"column":28}},"loc":{"start":{"line":114,"column":90},"end":{"line":141,"column":1}}}},"branchMap":{"0":{"loc":{"start":{"line":39,"column":9},"end":{"line":39,"column":55}},"type":"binary-expr","locations":[{"start":{"line":39,"column":9},"end":{"line":39,"column":30}},{"start":{"line":39,"column":34},"end":{"line":39,"column":55}}]},"1":{"loc":{"start":{"line":54,"column":2},"end":{"line":62,"column":3}},"type":"if","locations":[{"start":{"line":54,"column":2},"end":{"line":62,"column":3}},{"start":{"line":56,"column":9},"end":{"line":62,"column":3}}]},"2":{"loc":{"start":{"line":55,"column":11},"end":{"line":55,"column":81}},"type":"cond-expr","locations":[{"start":{"line":55,"column":38},"end":{"line":55,"column":74}},{"start":{"line":55,"column":77},"end":{"line":55,"column":81}}]},"3":{"loc":{"start":{"line":56,"column":9},"end":{"line":62,"column":3}},"type":"if","locations":[{"start":{"line":56,"column":9},"end":{"line":62,"column":3}},{"start":{"line":58,"column":9},"end":{"line":62,"column":3}}]},"4":{"loc":{"start":{"line":57,"column":11},"end":{"line":57,"column":83}},"type":"cond-expr","locations":[{"start":{"line":57,"column":40},"end":{"line":57,"column":76}},{"start":{"line":57,"column":79},"end":{"line":57,"column":83}}]},"5":{"loc":{"start":{"line":58,"column":9},"end":{"line":62,"column":3}},"type":"if","locations":[{"start":{"line":58,"column":9},"end":{"line":62,"column":3}},{"start":{"line":60,"column":9},"end":{"line":62,"column":3}}]},"6":{"loc":{"start":{"line":59,"column":11},"end":{"line":59,"column":83}},"type":"cond-expr","locations":[{"start":{"line":59,"column":40},"end":{"line":59,"column":76}},{"start":{"line":59,"column":79},"end":{"line":59,"column":83}}]},"7":{"loc":{"start":{"line":61,"column":11},"end":{"line":61,"column":81}},"type":"cond-expr","locations":[{"start":{"line":61,"column":38},"end":{"line":61,"column":74}},{"start":{"line":61,"column":77},"end":{"line":61,"column":81}}]},"8":{"loc":{"start":{"line":82,"column":4},"end":{"line":89,"column":5}},"type":"if","locations":[{"start":{"line":82,"column":4},"end":{"line":89,"column":5}},{"start":{"line":87,"column":9},"end":{"line":89,"column":5}}]},"9":{"loc":{"start":{"line":82,"column":8},"end":{"line":82,"column":65}},"type":"binary-expr","locations":[{"start":{"line":82,"column":8},"end":{"line":82,"column":16}},{"start":{"line":82,"column":20},"end":{"line":82,"column":65}}]},"10":{"loc":{"start":{"line":124,"column":6},"end":{"line":128,"column":7}},"type":"if","locations":[{"start":{"line":124,"column":6},"end":{"line":128,"column":7}},{"start":{},"end":{}}]}},"s":{"0":1,"1":1,"2":1,"3":1,"4":1,"5":1,"6":1,"7":1,"8":1,"9":313,"10":4,"11":4,"12":12,"13":12,"14":12,"15":12,"16":4,"17":29,"18":5,"19":7,"20":25,"21":8,"22":2,"23":6,"24":2,"25":4,"26":2,"27":2,"28":0,"29":0,"30":0,"31":0,"32":0,"33":0,"34":0,"35":0,"36":0,"37":0,"38":0,"39":0,"40":0,"41":0,"42":0,"43":0,"44":0,"45":0,"46":0,"47":0,"48":0,"49":0,"50":0,"51":0,"52":0},"f":{"0":313,"1":4,"2":29,"3":5,"4":7,"5":25,"6":8,"7":0,"8":0,"9":0},"b":{"0":[29,5],"1":[2,6],"2":[1,1],"3":[2,4],"4":[1,1],"5":[2,2],"6":[1,1],"7":[1,1],"8":[0,0],"9":[0,0],"10":[0,0]}}
}
