TN:
SF:src/utils/ship.ts
FN:24,getRandomInt
FN:28,shuffleArray
FN:38,sameCells
FN:42,existShipCellOverlap
FN:43,(anonymous_4)
FN:44,(anonymous_5)
FN:49,getNextShipCellCoordinates
FN:65,generateFirstCell
FN:73,generateShipCells
FN:114,generateShip
FNF:10
FNH:7
FNDA:313,getRandomInt
FNDA:4,shuffleArray
FNDA:29,sameCells
FNDA:5,existShipCellOverlap
FNDA:7,(anonymous_4)
FNDA:25,(anonymous_5)
FNDA:8,getNextShipCellCoordinates
FNDA:0,generateFirstCell
FNDA:0,generateShipCells
FNDA:0,generateShip
DA:8,1
DA:24,1
DA:25,313
DA:28,1
DA:29,4
DA:30,12
DA:31,12
DA:32,12
DA:33,12
DA:35,4
DA:38,1
DA:39,29
DA:42,1
DA:43,5
DA:44,25
DA:49,1
DA:54,8
DA:55,2
DA:56,6
DA:57,2
DA:58,4
DA:59,2
DA:61,2
DA:65,1
DA:66,0
DA:67,0
DA:68,0
DA:70,0
DA:73,1
DA:74,0
DA:80,0
DA:81,0
DA:82,0
DA:88,0
DA:91,0
DA:114,1
DA:115,0
DA:116,0
DA:117,0
DA:120,0
DA:121,0
DA:122,0
DA:123,0
DA:124,0
DA:125,0
DA:126,0
DA:127,0
DA:133,0
LF:48
LH:26
BRDA:39,0,0,29
BRDA:39,0,1,5
BRDA:54,1,0,2
BRDA:54,1,1,6
BRDA:55,2,0,1
BRDA:55,2,1,1
BRDA:56,3,0,2
BRDA:56,3,1,4
BRDA:57,4,0,1
BRDA:57,4,1,1
BRDA:58,5,0,2
BRDA:58,5,1,2
BRDA:59,6,0,1
BRDA:59,6,1,1
BRDA:61,7,0,1
BRDA:61,7,1,1
BRDA:82,8,0,0
BRDA:82,8,1,0
BRDA:82,9,0,0
BRDA:82,9,1,0
BRDA:124,10,0,0
BRDA:124,10,1,0
BRF:22
BRH:16
end_of_record
